Using pre-set license

 COMMAND LINE ARGUMENTS:
/Applications/Unity/Hub/Editor/2020.3.10f1/Unity.app/Contents/MacOS/Unity
-adb2
-batchMode
-noUpm
-name
AssetImportWorker0
-projectPath
/Users/atsu/Unity/GitHub/Stick_Man-ActionGame/StickManActionGame
-logFile
Logs/AssetImportWorker0.log
-srvPort
58932
Successfully changed project path to: /Users/atsu/Unity/GitHub/Stick_Man-ActionGame/StickManActionGame
/Users/atsu/Unity/GitHub/Stick_Man-ActionGame/StickManActionGame
Using Asset Import Pipeline V2.
Refreshing native plugins compatible for Editor in 35.17 ms, found 3 plugins.
Preloading 0 native plugins for Editor in 0.00 ms.
Initialize engine version: 2020.3.10f1 (297d780c91bc)
[Subsystems] Discovering subsystems at path /Applications/Unity/Hub/Editor/2020.3.10f1/Unity.app/Contents/Resources/UnitySubsystems
[Subsystems] Discovering subsystems at path /Users/atsu/Unity/GitHub/Stick_Man-ActionGame/StickManActionGame/Assets
GfxDevice: creating device client; threaded=0
2021-06-22 12:45:51.649 Unity[14314:377918] (null) preferred device: Apple M1 (high power)
2021-06-22 12:45:51.649 Unity[14314:377918] Metal devices available: 1
2021-06-22 12:45:51.649 Unity[14314:377918] 0: Apple M1 (high power)
2021-06-22 12:45:51.649 Unity[14314:377918] Using device Apple M1 (high power)
Initializing Metal device caps: Apple M1
Initialize mono
Mono path[0] = '/Applications/Unity/Hub/Editor/2020.3.10f1/Unity.app/Contents/Managed'
Mono path[1] = '/Applications/Unity/Hub/Editor/2020.3.10f1/Unity.app/Contents/MonoBleedingEdge/lib/mono/unityjit'
Mono config path = '/Applications/Unity/Hub/Editor/2020.3.10f1/Unity.app/Contents/MonoBleedingEdge/etc'
Using monoOptions --debugger-agent=transport=dt_socket,embedding=1,server=y,suspend=n,address=127.0.0.1:56314
Begin MonoManager ReloadAssembly
Registering precompiled unity dll's ...
Register platform support module: /Applications/Unity/Hub/Editor/2020.3.10f1/PlaybackEngines/WebGLSupport/UnityEditor.WebGL.Extensions.dll
Register platform support module: /Applications/Unity/Hub/Editor/2020.3.10f1/Unity.app/Contents/PlaybackEngines/MacStandaloneSupport/UnityEditor.OSXStandalone.Extensions.dll
Registered in 0.002821 seconds.
Native extension for OSXStandalone target not found
Native extension for WebGL target not found
Refreshing native plugins compatible for Editor in 37.43 ms, found 3 plugins.
Preloading 0 native plugins for Editor in 0.00 ms.
Mono: successfully reloaded assembly
- Completed reload, in  2.149 seconds
Platform modules already initialized, skipping
Registering precompiled user dll's ...
Registered in 0.003902 seconds.
Begin MonoManager ReloadAssembly
Native extension for OSXStandalone target not found
Native extension for WebGL target not found
Refreshing native plugins compatible for Editor in 36.95 ms, found 3 plugins.
Preloading 0 native plugins for Editor in 0.00 ms.
Mono: successfully reloaded assembly
- Completed reload, in  2.410 seconds
Platform modules already initialized, skipping
========================================================================
Worker process is ready to serve import requests
Launching external process: /Applications/Unity/Hub/Editor/2020.3.10f1/Unity.app/Contents/Tools/UnityShaderCompiler
Launched and connected shader compiler UnityShaderCompiler after 0.03 seconds
Refreshing native plugins compatible for Editor in 0.41 ms, found 3 plugins.
Preloading 0 native plugins for Editor in 0.00 ms.
Unloading 2246 Unused Serialized files (Serialized files now loaded: 0)
System memory in use before: 179.7 MB.
System memory in use after: 179.7 MB.

Unloading 34 unused Assets to reduce memory usage. Loaded Objects now: 2680.
Total: 1.901125 ms (FindLiveObjects: 0.156583 ms CreateObjectMapping: 0.043709 ms MarkObjects: 1.585666 ms  DeleteObjects: 0.114500 ms)

========================================================================
Received Import Request.
  path: Assets/Plefab
  artifactKey: Guid(4452a302a0942411395c5b0e7a95034e) Importer(815301076,1909f56bfc062723c751e8b465ee728b)
Start importing Assets/Plefab using Guid(4452a302a0942411395c5b0e7a95034e) Importer(815301076,1909f56bfc062723c751e8b465ee728b)  -> (artifact id: 'ebc7659198286e6d92db6c1132088816') in 0.008382 seconds
  Import took 0.010971 seconds .

========================================================================
Received Import Request.
  Time since last request: 12.896471 seconds.
  path: Assets/Plefab/Canvas.prefab
  artifactKey: Guid(d48a2d7a1c8304cc78e7d6e62daa0481) Importer(815301076,1909f56bfc062723c751e8b465ee728b)
Start importing Assets/Plefab/Canvas.prefab using Guid(d48a2d7a1c8304cc78e7d6e62daa0481) Importer(815301076,1909f56bfc062723c751e8b465ee728b)  -> (artifact id: '04e44e0917cf3cfa27d413df5afddccc') in 0.898541 seconds
  Import took 0.901709 seconds .

========================================================================
Received Import Request.
  Time since last request: 18.059971 seconds.
  path: Assets/Plefab/MassagePanel.prefab
  artifactKey: Guid(d48a2d7a1c8304cc78e7d6e62daa0481) Importer(815301076,1909f56bfc062723c751e8b465ee728b)
Start importing Assets/Plefab/MassagePanel.prefab using Guid(d48a2d7a1c8304cc78e7d6e62daa0481) Importer(815301076,1909f56bfc062723c751e8b465ee728b)  -> (artifact id: '412669cd2de08f1ba67cfd45fa38007b') in 0.005789 seconds
  Import took 0.008679 seconds .

========================================================================
Received Import Request.
  Time since last request: 0.013461 seconds.
  path: Assets/Plefab/MassagePanel.prefab
  artifactKey: Guid(d48a2d7a1c8304cc78e7d6e62daa0481) Importer(815301076,1909f56bfc062723c751e8b465ee728b)
Start importing Assets/Plefab/MassagePanel.prefab using Guid(d48a2d7a1c8304cc78e7d6e62daa0481) Importer(815301076,1909f56bfc062723c751e8b465ee728b)  -> (artifact id: '412669cd2de08f1ba67cfd45fa38007b') in 0.003227 seconds
  Import took 0.006075 seconds .

========================================================================
Received Import Request.
  Time since last request: 49.815278 seconds.
  path: Assets/Plefab/MessagePanel.prefab
  artifactKey: Guid(d48a2d7a1c8304cc78e7d6e62daa0481) Importer(815301076,1909f56bfc062723c751e8b465ee728b)
Start importing Assets/Plefab/MessagePanel.prefab using Guid(d48a2d7a1c8304cc78e7d6e62daa0481) Importer(815301076,1909f56bfc062723c751e8b465ee728b)  -> (artifact id: '4e9b89958e5a7b094dbcb778731188e5') in 0.004534 seconds
  Import took 0.008025 seconds .

========================================================================
Received Import Request.
  Time since last request: 0.020609 seconds.
  path: Assets/Plefab/MessagePanel.prefab
  artifactKey: Guid(d48a2d7a1c8304cc78e7d6e62daa0481) Importer(815301076,1909f56bfc062723c751e8b465ee728b)
Start importing Assets/Plefab/MessagePanel.prefab using Guid(d48a2d7a1c8304cc78e7d6e62daa0481) Importer(815301076,1909f56bfc062723c751e8b465ee728b)  -> (artifact id: '4e9b89958e5a7b094dbcb778731188e5') in 0.003937 seconds
  Import took 0.006939 seconds .

========================================================================
Received Import Request.
  Time since last request: 155.813045 seconds.
  path: Assets/Plefab/ContinuePoint.prefab
  artifactKey: Guid(3ef76b7f2750346e58ecb9fe06e3dc02) Importer(815301076,1909f56bfc062723c751e8b465ee728b)
Start importing Assets/Plefab/ContinuePoint.prefab using Guid(3ef76b7f2750346e58ecb9fe06e3dc02) Importer(815301076,1909f56bfc062723c751e8b465ee728b)  -> (artifact id: 'e13739389c37826e6d682c674e48aa80') in 0.005028 seconds
  Import took 0.007819 seconds .

========================================================================
Received Import Request.
  Time since last request: 0.004301 seconds.
  path: Assets/Plefab/ContinuePoint.prefab
  artifactKey: Guid(3ef76b7f2750346e58ecb9fe06e3dc02) Importer(815301076,1909f56bfc062723c751e8b465ee728b)
Start importing Assets/Plefab/ContinuePoint.prefab using Guid(3ef76b7f2750346e58ecb9fe06e3dc02) Importer(815301076,1909f56bfc062723c751e8b465ee728b)  -> (artifact id: 'e13739389c37826e6d682c674e48aa80') in 0.003937 seconds
  Import took 0.006490 seconds .

========================================================================
Received Import Request.
  Time since last request: 4.682493 seconds.
  path: Assets/Plefab/FallFloor.prefab
  artifactKey: Guid(46afc6b9b815e48db91fb36ed113ffbc) Importer(815301076,1909f56bfc062723c751e8b465ee728b)
Start importing Assets/Plefab/FallFloor.prefab using Guid(46afc6b9b815e48db91fb36ed113ffbc) Importer(815301076,1909f56bfc062723c751e8b465ee728b)  -> (artifact id: '7938b571538d794822e67e5d5d778572') in 0.392700 seconds
  Import took 0.395590 seconds .

========================================================================
Received Prepare
Registering precompiled user dll's ...
Registered in 0.003012 seconds.
Begin MonoManager ReloadAssembly
Native extension for OSXStandalone target not found
Native extension for WebGL target not found
Refreshing native plugins compatible for Editor in 0.40 ms, found 3 plugins.
Preloading 0 native plugins for Editor in 0.00 ms.
Mono: successfully reloaded assembly
- Completed reload, in  2.248 seconds
Platform modules already initialized, skipping
Refreshing native plugins compatible for Editor in 0.35 ms, found 3 plugins.
Preloading 0 native plugins for Editor in 0.00 ms.
Unloading 2239 Unused Serialized files (Serialized files now loaded: 0)
System memory in use before: 187.6 MB.
System memory in use after: 187.6 MB.

Unloading 23 unused Assets to reduce memory usage. Loaded Objects now: 2693.
Total: 1.554167 ms (FindLiveObjects: 0.120375 ms CreateObjectMapping: 0.045917 ms MarkObjects: 1.293500 ms  DeleteObjects: 0.093916 ms)

========================================================================
Received Import Request.
  Time since last request: 160.260713 seconds.
  path: Assets/Plefab/MoveFloor.prefab
  artifactKey: Guid(f687ab4765a5d49ba9a5686db9eff033) Importer(815301076,1909f56bfc062723c751e8b465ee728b)
Start importing Assets/Plefab/MoveFloor.prefab using Guid(f687ab4765a5d49ba9a5686db9eff033) Importer(815301076,1909f56bfc062723c751e8b465ee728b)  -> (artifact id: '046c69f254f4c31a6e8a366722873f93') in 0.137700 seconds
  Import took 0.140304 seconds .

========================================================================
Received Import Request.
  Time since last request: 31.761236 seconds.
  path: Assets/Plefab/Spere.prefab
  artifactKey: Guid(d037dd895f4dd4a5ba11d9a252de9334) Importer(815301076,1909f56bfc062723c751e8b465ee728b)
Start importing Assets/Plefab/Spere.prefab using Guid(d037dd895f4dd4a5ba11d9a252de9334) Importer(815301076,1909f56bfc062723c751e8b465ee728b)  -> (artifact id: 'f0f687dc675cd1e04e00b794b4469732') in 0.014372 seconds
  Import took 0.017246 seconds .

========================================================================
Received Import Request.
  Time since last request: 0.015270 seconds.
  path: Assets/Plefab/Spere.prefab
  artifactKey: Guid(d037dd895f4dd4a5ba11d9a252de9334) Importer(815301076,1909f56bfc062723c751e8b465ee728b)
Start importing Assets/Plefab/Spere.prefab using Guid(d037dd895f4dd4a5ba11d9a252de9334) Importer(815301076,1909f56bfc062723c751e8b465ee728b)  -> (artifact id: 'f0f687dc675cd1e04e00b794b4469732') in 0.006992 seconds
  Import took 0.009790 seconds .

========================================================================
Received Prepare
Registering precompiled user dll's ...
Registered in 0.003780 seconds.
Begin MonoManager ReloadAssembly
Native extension for OSXStandalone target not found
Native extension for WebGL target not found
Refreshing native plugins compatible for Editor in 0.42 ms, found 3 plugins.
Preloading 0 native plugins for Editor in 0.00 ms.
Mono: successfully reloaded assembly
- Completed reload, in  2.369 seconds
Platform modules already initialized, skipping
Refreshing native plugins compatible for Editor in 0.39 ms, found 3 plugins.
Preloading 0 native plugins for Editor in 0.00 ms.
Unloading 2239 Unused Serialized files (Serialized files now loaded: 0)
System memory in use before: 187.9 MB.
System memory in use after: 187.9 MB.

Unloading 22 unused Assets to reduce memory usage. Loaded Objects now: 2698.
Total: 1.736750 ms (FindLiveObjects: 0.157292 ms CreateObjectMapping: 0.045833 ms MarkObjects: 1.435833 ms  DeleteObjects: 0.096750 ms)

========================================================================
Received Prepare
Registering precompiled user dll's ...
Registered in 0.004083 seconds.
Begin MonoManager ReloadAssembly
Native extension for OSXStandalone target not found
Native extension for WebGL target not found
Refreshing native plugins compatible for Editor in 0.41 ms, found 3 plugins.
Preloading 0 native plugins for Editor in 0.00 ms.
Mono: successfully reloaded assembly
- Completed reload, in  2.270 seconds
Platform modules already initialized, skipping
Refreshing native plugins compatible for Editor in 0.40 ms, found 3 plugins.
Preloading 0 native plugins for Editor in 0.00 ms.
Unloading 2239 Unused Serialized files (Serialized files now loaded: 0)
System memory in use before: 188.1 MB.
System memory in use after: 188.1 MB.

Unloading 22 unused Assets to reduce memory usage. Loaded Objects now: 2702.
Total: 1.640708 ms (FindLiveObjects: 0.132291 ms CreateObjectMapping: 0.044125 ms MarkObjects: 1.363917 ms  DeleteObjects: 0.099583 ms)

========================================================================
Received Prepare
Registering precompiled user dll's ...
Registered in 0.004461 seconds.
Begin MonoManager ReloadAssembly
Native extension for OSXStandalone target not found
Native extension for WebGL target not found
Refreshing native plugins compatible for Editor in 0.41 ms, found 3 plugins.
Preloading 0 native plugins for Editor in 0.00 ms.
Mono: successfully reloaded assembly
- Completed reload, in  2.297 seconds
Platform modules already initialized, skipping
Refreshing native plugins compatible for Editor in 0.38 ms, found 3 plugins.
Preloading 0 native plugins for Editor in 0.00 ms.
Unloading 2239 Unused Serialized files (Serialized files now loaded: 0)
System memory in use before: 188.4 MB.
System memory in use after: 188.4 MB.

Unloading 22 unused Assets to reduce memory usage. Loaded Objects now: 2706.
Total: 1.680083 ms (FindLiveObjects: 0.152000 ms CreateObjectMapping: 0.045792 ms MarkObjects: 1.384875 ms  DeleteObjects: 0.096291 ms)

========================================================================
Received Prepare
Registering precompiled user dll's ...
Registered in 0.001201 seconds.
Begin MonoManager ReloadAssembly
Native extension for OSXStandalone target not found
Native extension for WebGL target not found
Refreshing native plugins compatible for Editor in 0.47 ms, found 3 plugins.
Preloading 0 native plugins for Editor in 0.00 ms.
Mono: successfully reloaded assembly
- Completed reload, in  2.283 seconds
Platform modules already initialized, skipping
Refreshing native plugins compatible for Editor in 0.38 ms, found 3 plugins.
Preloading 0 native plugins for Editor in 0.00 ms.
Unloading 2239 Unused Serialized files (Serialized files now loaded: 0)
System memory in use before: 188.5 MB.
System memory in use after: 188.5 MB.

Unloading 22 unused Assets to reduce memory usage. Loaded Objects now: 2710.
Total: 1.672042 ms (FindLiveObjects: 0.156375 ms CreateObjectMapping: 0.046292 ms MarkObjects: 1.371083 ms  DeleteObjects: 0.097459 ms)

========================================================================
Received Prepare
Registering precompiled user dll's ...
Registered in 0.003630 seconds.
Begin MonoManager ReloadAssembly
Native extension for OSXStandalone target not found
Native extension for WebGL target not found
Refreshing native plugins compatible for Editor in 0.41 ms, found 3 plugins.
Preloading 0 native plugins for Editor in 0.00 ms.
Mono: successfully reloaded assembly
- Completed reload, in  2.302 seconds
Platform modules already initialized, skipping
Refreshing native plugins compatible for Editor in 0.39 ms, found 3 plugins.
Preloading 0 native plugins for Editor in 0.00 ms.
Unloading 2239 Unused Serialized files (Serialized files now loaded: 0)
System memory in use before: 188.8 MB.
System memory in use after: 188.9 MB.

Unloading 22 unused Assets to reduce memory usage. Loaded Objects now: 2714.
Total: 1.619375 ms (FindLiveObjects: 0.153333 ms CreateObjectMapping: 0.047917 ms MarkObjects: 1.322417 ms  DeleteObjects: 0.095000 ms)

========================================================================
Received Prepare
Registering precompiled user dll's ...
Registered in 0.001217 seconds.
Begin MonoManager ReloadAssembly
Native extension for OSXStandalone target not found
Native extension for WebGL target not found
Refreshing native plugins compatible for Editor in 0.42 ms, found 3 plugins.
Preloading 0 native plugins for Editor in 0.00 ms.
Mono: successfully reloaded assembly
- Completed reload, in  2.264 seconds
Platform modules already initialized, skipping
Refreshing native plugins compatible for Editor in 0.40 ms, found 3 plugins.
Preloading 0 native plugins for Editor in 0.00 ms.
Unloading 2239 Unused Serialized files (Serialized files now loaded: 0)
System memory in use before: 189.0 MB.
System memory in use after: 189.1 MB.

Unloading 22 unused Assets to reduce memory usage. Loaded Objects now: 2718.
Total: 1.603125 ms (FindLiveObjects: 0.136709 ms CreateObjectMapping: 0.044125 ms MarkObjects: 1.327500 ms  DeleteObjects: 0.093917 ms)

========================================================================
Received Prepare
Registering precompiled user dll's ...
Registered in 0.002998 seconds.
Begin MonoManager ReloadAssembly
Native extension for OSXStandalone target not found
Native extension for WebGL target not found
Refreshing native plugins compatible for Editor in 0.41 ms, found 3 plugins.
Preloading 0 native plugins for Editor in 0.00 ms.
Mono: successfully reloaded assembly
- Completed reload, in  2.259 seconds
Platform modules already initialized, skipping
Refreshing native plugins compatible for Editor in 0.37 ms, found 3 plugins.
Preloading 0 native plugins for Editor in 0.00 ms.
Unloading 2239 Unused Serialized files (Serialized files now loaded: 0)
System memory in use before: 189.3 MB.
System memory in use after: 189.3 MB.

Unloading 22 unused Assets to reduce memory usage. Loaded Objects now: 2722.
Total: 1.628542 ms (FindLiveObjects: 0.142875 ms CreateObjectMapping: 0.044334 ms MarkObjects: 1.347250 ms  DeleteObjects: 0.093500 ms)

========================================================================
Received Prepare
Registering precompiled user dll's ...
Registered in 0.002368 seconds.
Begin MonoManager ReloadAssembly
Native extension for OSXStandalone target not found
Native extension for WebGL target not found
Refreshing native plugins compatible for Editor in 0.58 ms, found 3 plugins.
Preloading 0 native plugins for Editor in 0.00 ms.
Mono: successfully reloaded assembly
- Completed reload, in  2.279 seconds
Platform modules already initialized, skipping
Refreshing native plugins compatible for Editor in 0.35 ms, found 3 plugins.
Preloading 0 native plugins for Editor in 0.00 ms.
Unloading 2239 Unused Serialized files (Serialized files now loaded: 0)
System memory in use before: 189.5 MB.
System memory in use after: 189.6 MB.

Unloading 22 unused Assets to reduce memory usage. Loaded Objects now: 2726.
Total: 1.648709 ms (FindLiveObjects: 0.128958 ms CreateObjectMapping: 0.056416 ms MarkObjects: 1.367000 ms  DeleteObjects: 0.095583 ms)

========================================================================
Received Prepare
Registering precompiled user dll's ...
Registered in 0.002405 seconds.
Begin MonoManager ReloadAssembly
Native extension for OSXStandalone target not found
Native extension for WebGL target not found
Refreshing native plugins compatible for Editor in 0.40 ms, found 3 plugins.
Preloading 0 native plugins for Editor in 0.00 ms.
Mono: successfully reloaded assembly
- Completed reload, in  2.257 seconds
Platform modules already initialized, skipping
Refreshing native plugins compatible for Editor in 0.35 ms, found 3 plugins.
Preloading 0 native plugins for Editor in 0.00 ms.
Unloading 2239 Unused Serialized files (Serialized files now loaded: 0)
System memory in use before: 189.7 MB.
System memory in use after: 189.8 MB.

Unloading 22 unused Assets to reduce memory usage. Loaded Objects now: 2730.
Total: 1.602875 ms (FindLiveObjects: 0.128833 ms CreateObjectMapping: 0.045083 ms MarkObjects: 1.336875 ms  DeleteObjects: 0.091125 ms)

========================================================================
Received Prepare
Registering precompiled user dll's ...
Registered in 0.004411 seconds.
Begin MonoManager ReloadAssembly
Native extension for OSXStandalone target not found
Native extension for WebGL target not found
Refreshing native plugins compatible for Editor in 0.40 ms, found 3 plugins.
Preloading 0 native plugins for Editor in 0.00 ms.
Mono: successfully reloaded assembly
- Completed reload, in  2.321 seconds
Platform modules already initialized, skipping
Refreshing native plugins compatible for Editor in 0.39 ms, found 3 plugins.
Preloading 0 native plugins for Editor in 0.00 ms.
Unloading 2239 Unused Serialized files (Serialized files now loaded: 0)
System memory in use before: 190.0 MB.
System memory in use after: 190.0 MB.

Unloading 22 unused Assets to reduce memory usage. Loaded Objects now: 2734.
Total: 1.665791 ms (FindLiveObjects: 0.136625 ms CreateObjectMapping: 0.045167 ms MarkObjects: 1.377250 ms  DeleteObjects: 0.105792 ms)

========================================================================
Received Prepare
Registering precompiled user dll's ...
Registered in 0.003442 seconds.
Begin MonoManager ReloadAssembly
Native extension for OSXStandalone target not found
Native extension for WebGL target not found
Refreshing native plugins compatible for Editor in 0.41 ms, found 3 plugins.
Preloading 0 native plugins for Editor in 0.00 ms.
Mono: successfully reloaded assembly
- Completed reload, in  2.302 seconds
Platform modules already initialized, skipping
Refreshing native plugins compatible for Editor in 0.32 ms, found 3 plugins.
Preloading 0 native plugins for Editor in 0.00 ms.
Unloading 2239 Unused Serialized files (Serialized files now loaded: 0)
System memory in use before: 190.2 MB.
System memory in use after: 190.3 MB.

Unloading 22 unused Assets to reduce memory usage. Loaded Objects now: 2738.
Total: 1.592666 ms (FindLiveObjects: 0.120042 ms CreateObjectMapping: 0.042834 ms MarkObjects: 1.339791 ms  DeleteObjects: 0.089375 ms)

========================================================================
Received Import Request.
  Time since last request: 3054.671079 seconds.
  path: Assets/Plefab/MoveFloor.prefab
  artifactKey: Guid(f687ab4765a5d49ba9a5686db9eff033) Importer(815301076,1909f56bfc062723c751e8b465ee728b)
Start importing Assets/Plefab/MoveFloor.prefab using Guid(f687ab4765a5d49ba9a5686db9eff033) Importer(815301076,1909f56bfc062723c751e8b465ee728b)  -> (artifact id: '5d5e9cf8f653b636a24887fa28ddf88a') in 0.141111 seconds
  Import took 0.144367 seconds .

========================================================================
Received Prepare
Registering precompiled user dll's ...
Registered in 0.002557 seconds.
Begin MonoManager ReloadAssembly
Native extension for OSXStandalone target not found
Native extension for WebGL target not found
Refreshing native plugins compatible for Editor in 0.40 ms, found 3 plugins.
Preloading 0 native plugins for Editor in 0.00 ms.
Mono: successfully reloaded assembly
- Completed reload, in  2.297 seconds
Platform modules already initialized, skipping
Refreshing native plugins compatible for Editor in 0.38 ms, found 3 plugins.
Preloading 0 native plugins for Editor in 0.00 ms.
Unloading 2239 Unused Serialized files (Serialized files now loaded: 0)
System memory in use before: 190.4 MB.
System memory in use after: 190.5 MB.

Unloading 22 unused Assets to reduce memory usage. Loaded Objects now: 2743.
Total: 1.676375 ms (FindLiveObjects: 0.145750 ms CreateObjectMapping: 0.045292 ms MarkObjects: 1.378791 ms  DeleteObjects: 0.105333 ms)

========================================================================
Received Prepare
Registering precompiled user dll's ...
Registered in 0.004414 seconds.
Begin MonoManager ReloadAssembly
Native extension for OSXStandalone target not found
Native extension for WebGL target not found
Refreshing native plugins compatible for Editor in 0.41 ms, found 3 plugins.
Preloading 0 native plugins for Editor in 0.00 ms.
Mono: successfully reloaded assembly
- Completed reload, in  2.286 seconds
Platform modules already initialized, skipping
Refreshing native plugins compatible for Editor in 0.39 ms, found 3 plugins.
Preloading 0 native plugins for Editor in 0.00 ms.
Unloading 2239 Unused Serialized files (Serialized files now loaded: 0)
System memory in use before: 190.6 MB.
System memory in use after: 190.7 MB.

Unloading 22 unused Assets to reduce memory usage. Loaded Objects now: 2747.
Total: 1.646541 ms (FindLiveObjects: 0.143792 ms CreateObjectMapping: 0.046459 ms MarkObjects: 1.351542 ms  DeleteObjects: 0.103833 ms)

========================================================================
Received Prepare
Registering precompiled user dll's ...
Registered in 0.002259 seconds.
Begin MonoManager ReloadAssembly
Native extension for OSXStandalone target not found
Native extension for WebGL target not found
Refreshing native plugins compatible for Editor in 0.41 ms, found 3 plugins.
Preloading 0 native plugins for Editor in 0.00 ms.
Mono: successfully reloaded assembly
- Completed reload, in  2.209 seconds
Platform modules already initialized, skipping
Refreshing native plugins compatible for Editor in 0.32 ms, found 3 plugins.
Preloading 0 native plugins for Editor in 0.00 ms.
Unloading 2239 Unused Serialized files (Serialized files now loaded: 0)
System memory in use before: 190.7 MB.
System memory in use after: 190.8 MB.

Unloading 22 unused Assets to reduce memory usage. Loaded Objects now: 2751.
Total: 1.548375 ms (FindLiveObjects: 0.117209 ms CreateObjectMapping: 0.043416 ms MarkObjects: 1.295792 ms  DeleteObjects: 0.091167 ms)

========================================================================
Received Prepare
Refreshing native plugins compatible for Editor in 4.96 ms, found 3 plugins.
Preloading 0 native plugins for Editor in 0.00 ms.
Unloading 19 Unused Serialized files (Serialized files now loaded: 0)
System memory in use before: 146.9 MB.
System memory in use after: 147.0 MB.

Unloading 19 unused Assets to reduce memory usage. Loaded Objects now: 2751.
Total: 5.937625 ms (FindLiveObjects: 0.305583 ms CreateObjectMapping: 0.044292 ms MarkObjects: 5.455000 ms  DeleteObjects: 0.131959 ms)

