Using pre-set license

 COMMAND LINE ARGUMENTS:
/Applications/Unity/Hub/Editor/2020.3.10f1/Unity.app/Contents/MacOS/Unity
-adb2
-batchMode
-noUpm
-name
AssetImportWorker0
-projectPath
/Users/atsu/Unity/GitHub/Stick_Man-ActionGame/StickManActionGame
-logFile
Logs/AssetImportWorker0.log
-srvPort
52238
Successfully changed project path to: /Users/atsu/Unity/GitHub/Stick_Man-ActionGame/StickManActionGame
/Users/atsu/Unity/GitHub/Stick_Man-ActionGame/StickManActionGame
Using Asset Import Pipeline V2.
Refreshing native plugins compatible for Editor in 39.38 ms, found 3 plugins.
Preloading 0 native plugins for Editor in 0.00 ms.
Initialize engine version: 2020.3.10f1 (297d780c91bc)
[Subsystems] Discovering subsystems at path /Applications/Unity/Hub/Editor/2020.3.10f1/Unity.app/Contents/Resources/UnitySubsystems
[Subsystems] Discovering subsystems at path /Users/atsu/Unity/GitHub/Stick_Man-ActionGame/StickManActionGame/Assets
GfxDevice: creating device client; threaded=0
2021-06-16 13:32:01.841 Unity[5187:213490] (null) preferred device: Apple M1 (high power)
2021-06-16 13:32:01.841 Unity[5187:213490] Metal devices available: 1
2021-06-16 13:32:01.841 Unity[5187:213490] 0: Apple M1 (high power)
2021-06-16 13:32:01.841 Unity[5187:213490] Using device Apple M1 (high power)
Initializing Metal device caps: Apple M1
Initialize mono
Mono path[0] = '/Applications/Unity/Hub/Editor/2020.3.10f1/Unity.app/Contents/Managed'
Mono path[1] = '/Applications/Unity/Hub/Editor/2020.3.10f1/Unity.app/Contents/MonoBleedingEdge/lib/mono/unityjit'
Mono config path = '/Applications/Unity/Hub/Editor/2020.3.10f1/Unity.app/Contents/MonoBleedingEdge/etc'
Using monoOptions --debugger-agent=transport=dt_socket,embedding=1,server=y,suspend=n,address=127.0.0.1:56187
Begin MonoManager ReloadAssembly
Registering precompiled unity dll's ...
Register platform support module: /Applications/Unity/Hub/Editor/2020.3.10f1/PlaybackEngines/WebGLSupport/UnityEditor.WebGL.Extensions.dll
Register platform support module: /Applications/Unity/Hub/Editor/2020.3.10f1/Unity.app/Contents/PlaybackEngines/MacStandaloneSupport/UnityEditor.OSXStandalone.Extensions.dll
Registered in 0.001425 seconds.
Native extension for OSXStandalone target not found
Native extension for WebGL target not found
Refreshing native plugins compatible for Editor in 41.88 ms, found 3 plugins.
Preloading 0 native plugins for Editor in 0.00 ms.
Mono: successfully reloaded assembly
- Completed reload, in  2.400 seconds
Platform modules already initialized, skipping
Registering precompiled user dll's ...
Registered in 0.003344 seconds.
Begin MonoManager ReloadAssembly
Native extension for OSXStandalone target not found
Native extension for WebGL target not found
Refreshing native plugins compatible for Editor in 50.15 ms, found 3 plugins.
Preloading 0 native plugins for Editor in 0.00 ms.
Mono: successfully reloaded assembly
- Completed reload, in  3.140 seconds
Platform modules already initialized, skipping
========================================================================
Worker process is ready to serve import requests
Launching external process: /Applications/Unity/Hub/Editor/2020.3.10f1/Unity.app/Contents/Tools/UnityShaderCompiler
Launched and connected shader compiler UnityShaderCompiler after 0.04 seconds
Refreshing native plugins compatible for Editor in 0.55 ms, found 3 plugins.
Preloading 0 native plugins for Editor in 0.00 ms.
Unloading 2239 Unused Serialized files (Serialized files now loaded: 0)
System memory in use before: 179.6 MB.
System memory in use after: 179.5 MB.

Unloading 34 unused Assets to reduce memory usage. Loaded Objects now: 2673.
Total: 6.207666 ms (FindLiveObjects: 0.643208 ms CreateObjectMapping: 0.056584 ms MarkObjects: 5.114583 ms  DeleteObjects: 0.390584 ms)

========================================================================
Received Import Request.
  path: Assets/Scripts/StageCtrl.cs
  artifactKey: Guid(43d6c018e2b50422398b3d17741e0bbd) Importer(815301076,1909f56bfc062723c751e8b465ee728b)
Start importing Assets/Scripts/StageCtrl.cs using Guid(43d6c018e2b50422398b3d17741e0bbd) Importer(815301076,1909f56bfc062723c751e8b465ee728b)  -> (artifact id: 'b3724e866030592dec50cc40cdda7086') in 0.604908 seconds
  Import took 0.608489 seconds .

========================================================================
Received Prepare
Registering precompiled user dll's ...
Registered in 0.002401 seconds.
Begin MonoManager ReloadAssembly
Native extension for OSXStandalone target not found
Native extension for WebGL target not found
Refreshing native plugins compatible for Editor in 0.44 ms, found 3 plugins.
Preloading 0 native plugins for Editor in 0.00 ms.
Mono: successfully reloaded assembly
- Completed reload, in  2.306 seconds
Platform modules already initialized, skipping
Refreshing native plugins compatible for Editor in 0.42 ms, found 3 plugins.
Preloading 0 native plugins for Editor in 0.00 ms.
Unloading 2232 Unused Serialized files (Serialized files now loaded: 0)
System memory in use before: 183.9 MB.
System memory in use after: 183.9 MB.

Unloading 22 unused Assets to reduce memory usage. Loaded Objects now: 2677.
Total: 1.835416 ms (FindLiveObjects: 0.113583 ms CreateObjectMapping: 0.040500 ms MarkObjects: 1.586583 ms  DeleteObjects: 0.093583 ms)

========================================================================
Received Import Request.
  Time since last request: 415.549111 seconds.
  path: Assets/Scripts/StageCtrl.cs
  artifactKey: Guid(43d6c018e2b50422398b3d17741e0bbd) Importer(815301076,1909f56bfc062723c751e8b465ee728b)
Start importing Assets/Scripts/StageCtrl.cs using Guid(43d6c018e2b50422398b3d17741e0bbd) Importer(815301076,1909f56bfc062723c751e8b465ee728b)  -> (artifact id: '915a1f9062773d0c09b37e775278ff3c') in 0.011425 seconds
  Import took 0.016620 seconds .

========================================================================
Received Prepare
Registering precompiled user dll's ...
Registered in 0.002408 seconds.
Begin MonoManager ReloadAssembly
Native extension for OSXStandalone target not found
Native extension for WebGL target not found
Refreshing native plugins compatible for Editor in 0.44 ms, found 3 plugins.
Preloading 0 native plugins for Editor in 0.00 ms.
Mono: successfully reloaded assembly
- Completed reload, in  2.308 seconds
Platform modules already initialized, skipping
Refreshing native plugins compatible for Editor in 0.36 ms, found 3 plugins.
Preloading 0 native plugins for Editor in 0.00 ms.
Unloading 2232 Unused Serialized files (Serialized files now loaded: 0)
System memory in use before: 184.2 MB.
System memory in use after: 184.2 MB.

Unloading 22 unused Assets to reduce memory usage. Loaded Objects now: 2681.
Total: 1.852709 ms (FindLiveObjects: 0.105541 ms CreateObjectMapping: 0.042334 ms MarkObjects: 1.613375 ms  DeleteObjects: 0.090667 ms)

========================================================================
Received Prepare
Registering precompiled user dll's ...
Registered in 0.002570 seconds.
Begin MonoManager ReloadAssembly
Native extension for OSXStandalone target not found
Native extension for WebGL target not found
Refreshing native plugins compatible for Editor in 0.43 ms, found 3 plugins.
Preloading 0 native plugins for Editor in 0.00 ms.
Mono: successfully reloaded assembly
- Completed reload, in  2.290 seconds
Platform modules already initialized, skipping
Refreshing native plugins compatible for Editor in 0.41 ms, found 3 plugins.
Preloading 0 native plugins for Editor in 0.00 ms.
Unloading 2232 Unused Serialized files (Serialized files now loaded: 0)
System memory in use before: 184.5 MB.
System memory in use after: 184.5 MB.

Unloading 22 unused Assets to reduce memory usage. Loaded Objects now: 2685.
Total: 2.022792 ms (FindLiveObjects: 0.139250 ms CreateObjectMapping: 0.044250 ms MarkObjects: 1.738334 ms  DeleteObjects: 0.099959 ms)

========================================================================
Received Prepare
Registering precompiled user dll's ...
Registered in 0.002372 seconds.
Begin MonoManager ReloadAssembly
Native extension for OSXStandalone target not found
Native extension for WebGL target not found
Refreshing native plugins compatible for Editor in 0.43 ms, found 3 plugins.
Preloading 0 native plugins for Editor in 0.00 ms.
Mono: successfully reloaded assembly
- Completed reload, in  2.307 seconds
Platform modules already initialized, skipping
Refreshing native plugins compatible for Editor in 0.38 ms, found 3 plugins.
Preloading 0 native plugins for Editor in 0.00 ms.
Unloading 2232 Unused Serialized files (Serialized files now loaded: 0)
System memory in use before: 184.7 MB.
System memory in use after: 184.7 MB.

Unloading 22 unused Assets to reduce memory usage. Loaded Objects now: 2689.
Total: 1.925917 ms (FindLiveObjects: 0.136958 ms CreateObjectMapping: 0.042625 ms MarkObjects: 1.652458 ms  DeleteObjects: 0.093125 ms)

========================================================================
Received Prepare
Registering precompiled user dll's ...
Registered in 0.001168 seconds.
Begin MonoManager ReloadAssembly
Native extension for OSXStandalone target not found
Native extension for WebGL target not found
Refreshing native plugins compatible for Editor in 0.42 ms, found 3 plugins.
Preloading 0 native plugins for Editor in 0.00 ms.
Mono: successfully reloaded assembly
- Completed reload, in  2.257 seconds
Platform modules already initialized, skipping
Refreshing native plugins compatible for Editor in 0.41 ms, found 3 plugins.
Preloading 0 native plugins for Editor in 0.00 ms.
Unloading 2232 Unused Serialized files (Serialized files now loaded: 0)
System memory in use before: 184.9 MB.
System memory in use after: 184.9 MB.

Unloading 22 unused Assets to reduce memory usage. Loaded Objects now: 2693.
Total: 1.950291 ms (FindLiveObjects: 0.134542 ms CreateObjectMapping: 0.043834 ms MarkObjects: 1.677125 ms  DeleteObjects: 0.094000 ms)

========================================================================
Received Prepare
Registering precompiled user dll's ...
Registered in 0.001789 seconds.
Begin MonoManager ReloadAssembly
Native extension for OSXStandalone target not found
Native extension for WebGL target not found
Refreshing native plugins compatible for Editor in 0.44 ms, found 3 plugins.
Preloading 0 native plugins for Editor in 0.00 ms.
Mono: successfully reloaded assembly
- Completed reload, in  2.294 seconds
Platform modules already initialized, skipping
Refreshing native plugins compatible for Editor in 0.36 ms, found 3 plugins.
Preloading 0 native plugins for Editor in 0.00 ms.
Unloading 2232 Unused Serialized files (Serialized files now loaded: 0)
System memory in use before: 185.1 MB.
System memory in use after: 185.1 MB.

Unloading 22 unused Assets to reduce memory usage. Loaded Objects now: 2697.
Total: 1.979750 ms (FindLiveObjects: 0.133708 ms CreateObjectMapping: 0.042584 ms MarkObjects: 1.709125 ms  DeleteObjects: 0.093541 ms)

========================================================================
Received Prepare
Registering precompiled user dll's ...
Registered in 0.001166 seconds.
Begin MonoManager ReloadAssembly
Native extension for OSXStandalone target not found
Native extension for WebGL target not found
Refreshing native plugins compatible for Editor in 0.45 ms, found 3 plugins.
Preloading 0 native plugins for Editor in 0.00 ms.
Mono: successfully reloaded assembly
- Completed reload, in  2.253 seconds
Platform modules already initialized, skipping
Refreshing native plugins compatible for Editor in 0.41 ms, found 3 plugins.
Preloading 0 native plugins for Editor in 0.00 ms.
Unloading 2232 Unused Serialized files (Serialized files now loaded: 0)
System memory in use before: 185.2 MB.
System memory in use after: 185.2 MB.

Unloading 22 unused Assets to reduce memory usage. Loaded Objects now: 2701.
Total: 1.909500 ms (FindLiveObjects: 0.126167 ms CreateObjectMapping: 0.043208 ms MarkObjects: 1.642417 ms  DeleteObjects: 0.096792 ms)

========================================================================
Received Prepare
Registering precompiled user dll's ...
Registered in 0.002236 seconds.
Begin MonoManager ReloadAssembly
Native extension for OSXStandalone target not found
Native extension for WebGL target not found
Refreshing native plugins compatible for Editor in 0.44 ms, found 3 plugins.
Preloading 0 native plugins for Editor in 0.00 ms.
Mono: successfully reloaded assembly
- Completed reload, in  2.278 seconds
Platform modules already initialized, skipping
Refreshing native plugins compatible for Editor in 0.42 ms, found 3 plugins.
Preloading 0 native plugins for Editor in 0.00 ms.
Unloading 2232 Unused Serialized files (Serialized files now loaded: 0)
System memory in use before: 185.6 MB.
System memory in use after: 185.6 MB.

Unloading 22 unused Assets to reduce memory usage. Loaded Objects now: 2705.
Total: 1.909167 ms (FindLiveObjects: 0.131084 ms CreateObjectMapping: 0.042666 ms MarkObjects: 1.642375 ms  DeleteObjects: 0.092250 ms)

========================================================================
Received Prepare
Registering precompiled user dll's ...
Registered in 0.001200 seconds.
Begin MonoManager ReloadAssembly
Native extension for OSXStandalone target not found
Native extension for WebGL target not found
Refreshing native plugins compatible for Editor in 0.44 ms, found 3 plugins.
Preloading 0 native plugins for Editor in 0.00 ms.
Mono: successfully reloaded assembly
- Completed reload, in  2.267 seconds
Platform modules already initialized, skipping
Refreshing native plugins compatible for Editor in 0.38 ms, found 3 plugins.
Preloading 0 native plugins for Editor in 0.00 ms.
Unloading 2232 Unused Serialized files (Serialized files now loaded: 0)
System memory in use before: 185.8 MB.
System memory in use after: 185.8 MB.

Unloading 22 unused Assets to reduce memory usage. Loaded Objects now: 2709.
Total: 1.913667 ms (FindLiveObjects: 0.136750 ms CreateObjectMapping: 0.043334 ms MarkObjects: 1.636041 ms  DeleteObjects: 0.096625 ms)

========================================================================
Received Prepare
Registering precompiled user dll's ...
Registered in 0.002161 seconds.
Begin MonoManager ReloadAssembly
Native extension for OSXStandalone target not found
Native extension for WebGL target not found
Refreshing native plugins compatible for Editor in 0.41 ms, found 3 plugins.
Preloading 0 native plugins for Editor in 0.00 ms.
Mono: successfully reloaded assembly
- Completed reload, in  2.228 seconds
Platform modules already initialized, skipping
Refreshing native plugins compatible for Editor in 0.34 ms, found 3 plugins.
Preloading 0 native plugins for Editor in 0.00 ms.
Unloading 2232 Unused Serialized files (Serialized files now loaded: 0)
System memory in use before: 186.1 MB.
System memory in use after: 186.1 MB.

Unloading 22 unused Assets to reduce memory usage. Loaded Objects now: 2713.
Total: 2.009458 ms (FindLiveObjects: 0.146750 ms CreateObjectMapping: 0.046000 ms MarkObjects: 1.716666 ms  DeleteObjects: 0.099042 ms)

========================================================================
Received Import Request.
  Time since last request: 349.351528 seconds.
  path: Assets/Scripts/player.cs
  artifactKey: Guid(57fd01c84e9974eb5909333a74010184) Importer(815301076,1909f56bfc062723c751e8b465ee728b)
Start importing Assets/Scripts/player.cs using Guid(57fd01c84e9974eb5909333a74010184) Importer(815301076,1909f56bfc062723c751e8b465ee728b)  -> (artifact id: '309a88cf2ad7168bcaf4ccde0edec17b') in 0.006455 seconds
  Import took 0.009524 seconds .

========================================================================
Received Import Request.
  Time since last request: 0.015869 seconds.
  path: Assets/Scripts/player.cs
  artifactKey: Guid(57fd01c84e9974eb5909333a74010184) Importer(815301076,1909f56bfc062723c751e8b465ee728b)
Start importing Assets/Scripts/player.cs using Guid(57fd01c84e9974eb5909333a74010184) Importer(815301076,1909f56bfc062723c751e8b465ee728b)  -> (artifact id: '309a88cf2ad7168bcaf4ccde0edec17b') in 0.001840 seconds
  Import took 0.004533 seconds .

========================================================================
Received Import Request.
  Time since last request: 1007.152096 seconds.
  path: Assets/Scripts/player.cs
  artifactKey: Guid(57fd01c84e9974eb5909333a74010184) Importer(815301076,1909f56bfc062723c751e8b465ee728b)
Start importing Assets/Scripts/player.cs using Guid(57fd01c84e9974eb5909333a74010184) Importer(815301076,1909f56bfc062723c751e8b465ee728b)  -> (artifact id: '3e1bb8f48e42fc602173719f4a9b99a6') in 0.004198 seconds
  Import took 0.014204 seconds .

========================================================================
Received Import Request.
  Time since last request: 0.018251 seconds.
  path: Assets/Scripts/player.cs
  artifactKey: Guid(57fd01c84e9974eb5909333a74010184) Importer(815301076,1909f56bfc062723c751e8b465ee728b)
Start importing Assets/Scripts/player.cs using Guid(57fd01c84e9974eb5909333a74010184) Importer(815301076,1909f56bfc062723c751e8b465ee728b)  -> (artifact id: '3e1bb8f48e42fc602173719f4a9b99a6') in 0.001912 seconds
  Import took 0.004950 seconds .

========================================================================
Received Prepare
Registering precompiled user dll's ...
Registered in 0.003690 seconds.
Begin MonoManager ReloadAssembly
Native extension for OSXStandalone target not found
Native extension for WebGL target not found
Refreshing native plugins compatible for Editor in 0.43 ms, found 3 plugins.
Preloading 0 native plugins for Editor in 0.00 ms.
Mono: successfully reloaded assembly
- Completed reload, in  2.371 seconds
Platform modules already initialized, skipping
Refreshing native plugins compatible for Editor in 0.42 ms, found 3 plugins.
Preloading 0 native plugins for Editor in 0.00 ms.
Unloading 2232 Unused Serialized files (Serialized files now loaded: 0)
System memory in use before: 186.4 MB.
System memory in use after: 186.5 MB.

Unloading 22 unused Assets to reduce memory usage. Loaded Objects now: 2717.
Total: 2.007667 ms (FindLiveObjects: 0.167333 ms CreateObjectMapping: 0.044667 ms MarkObjects: 1.692041 ms  DeleteObjects: 0.102625 ms)

========================================================================
Received Prepare
Registering precompiled user dll's ...
Registered in 0.002260 seconds.
Begin MonoManager ReloadAssembly
Native extension for OSXStandalone target not found
Native extension for WebGL target not found
Refreshing native plugins compatible for Editor in 0.46 ms, found 3 plugins.
Preloading 0 native plugins for Editor in 0.00 ms.
Mono: successfully reloaded assembly
- Completed reload, in  2.271 seconds
Platform modules already initialized, skipping
Refreshing native plugins compatible for Editor in 0.35 ms, found 3 plugins.
Preloading 0 native plugins for Editor in 0.00 ms.
Unloading 2232 Unused Serialized files (Serialized files now loaded: 0)
System memory in use before: 186.5 MB.
System memory in use after: 186.6 MB.

Unloading 22 unused Assets to reduce memory usage. Loaded Objects now: 2721.
Total: 1.836583 ms (FindLiveObjects: 0.127958 ms CreateObjectMapping: 0.042833 ms MarkObjects: 1.575875 ms  DeleteObjects: 0.089041 ms)

========================================================================
Received Import Request.
  Time since last request: 318.767322 seconds.
  path: Assets/Scripts/player.cs
  artifactKey: Guid(57fd01c84e9974eb5909333a74010184) Importer(815301076,1909f56bfc062723c751e8b465ee728b)
Start importing Assets/Scripts/player.cs using Guid(57fd01c84e9974eb5909333a74010184) Importer(815301076,1909f56bfc062723c751e8b465ee728b)  -> (artifact id: '45076c3a99ab563668c9601657d59f22') in 0.005984 seconds
  Import took 0.009235 seconds .

========================================================================
Received Import Request.
  Time since last request: 0.009632 seconds.
  path: Assets/Scripts/player.cs
  artifactKey: Guid(57fd01c84e9974eb5909333a74010184) Importer(815301076,1909f56bfc062723c751e8b465ee728b)
Start importing Assets/Scripts/player.cs using Guid(57fd01c84e9974eb5909333a74010184) Importer(815301076,1909f56bfc062723c751e8b465ee728b)  -> (artifact id: '45076c3a99ab563668c9601657d59f22') in 0.001869 seconds
  Import took 0.005117 seconds .

========================================================================
Received Import Request.
  Time since last request: 6.818886 seconds.
  path: Assets/Scripts/Player.cs
  artifactKey: Guid(57fd01c84e9974eb5909333a74010184) Importer(815301076,1909f56bfc062723c751e8b465ee728b)
Start importing Assets/Scripts/Player.cs using Guid(57fd01c84e9974eb5909333a74010184) Importer(815301076,1909f56bfc062723c751e8b465ee728b)  -> (artifact id: '72d66a3518ff401fce8fe9dbe4c495c1') in 0.002575 seconds
  Import took 0.005613 seconds .

========================================================================
Received Prepare
Registering precompiled user dll's ...
Registered in 0.001778 seconds.
Begin MonoManager ReloadAssembly
Native extension for OSXStandalone target not found
Native extension for WebGL target not found
Refreshing native plugins compatible for Editor in 0.43 ms, found 3 plugins.
Preloading 0 native plugins for Editor in 0.00 ms.
Mono: successfully reloaded assembly
- Completed reload, in  2.300 seconds
Platform modules already initialized, skipping
Refreshing native plugins compatible for Editor in 0.34 ms, found 3 plugins.
Preloading 0 native plugins for Editor in 0.00 ms.
Unloading 2232 Unused Serialized files (Serialized files now loaded: 0)
System memory in use before: 186.8 MB.
System memory in use after: 186.9 MB.

Unloading 22 unused Assets to reduce memory usage. Loaded Objects now: 2725.
Total: 2.134208 ms (FindLiveObjects: 0.111000 ms CreateObjectMapping: 0.042125 ms MarkObjects: 1.574292 ms  DeleteObjects: 0.405791 ms)

========================================================================
Received Prepare
Registering precompiled user dll's ...
Registered in 0.001185 seconds.
Begin MonoManager ReloadAssembly
Native extension for OSXStandalone target not found
Native extension for WebGL target not found
Refreshing native plugins compatible for Editor in 0.44 ms, found 3 plugins.
Preloading 0 native plugins for Editor in 0.00 ms.
Mono: successfully reloaded assembly
- Completed reload, in  2.277 seconds
Platform modules already initialized, skipping
Refreshing native plugins compatible for Editor in 0.42 ms, found 3 plugins.
Preloading 0 native plugins for Editor in 0.00 ms.
Unloading 2232 Unused Serialized files (Serialized files now loaded: 0)
System memory in use before: 187.0 MB.
System memory in use after: 187.1 MB.

Unloading 22 unused Assets to reduce memory usage. Loaded Objects now: 2729.
Total: 1.939667 ms (FindLiveObjects: 0.136041 ms CreateObjectMapping: 0.046209 ms MarkObjects: 1.657375 ms  DeleteObjects: 0.099292 ms)

========================================================================
Received Prepare
Registering precompiled user dll's ...
Registered in 0.001237 seconds.
Begin MonoManager ReloadAssembly
Native extension for OSXStandalone target not found
Native extension for WebGL target not found
Refreshing native plugins compatible for Editor in 0.41 ms, found 3 plugins.
Preloading 0 native plugins for Editor in 0.00 ms.
Mono: successfully reloaded assembly
- Completed reload, in  2.225 seconds
Platform modules already initialized, skipping
Refreshing native plugins compatible for Editor in 0.36 ms, found 3 plugins.
Preloading 0 native plugins for Editor in 0.00 ms.
Unloading 2232 Unused Serialized files (Serialized files now loaded: 0)
System memory in use before: 187.3 MB.
System memory in use after: 187.4 MB.

Unloading 22 unused Assets to reduce memory usage. Loaded Objects now: 2733.
Total: 1.839583 ms (FindLiveObjects: 0.128584 ms CreateObjectMapping: 0.040791 ms MarkObjects: 1.576500 ms  DeleteObjects: 0.093000 ms)

========================================================================
Received Prepare
Registering precompiled user dll's ...
Registered in 0.002239 seconds.
Begin MonoManager ReloadAssembly
Native extension for OSXStandalone target not found
Native extension for WebGL target not found
Refreshing native plugins compatible for Editor in 0.44 ms, found 3 plugins.
Preloading 0 native plugins for Editor in 0.00 ms.
Mono: successfully reloaded assembly
- Completed reload, in  2.310 seconds
Platform modules already initialized, skipping
Refreshing native plugins compatible for Editor in 0.38 ms, found 3 plugins.
Preloading 0 native plugins for Editor in 0.00 ms.
Unloading 2232 Unused Serialized files (Serialized files now loaded: 0)
System memory in use before: 187.5 MB.
System memory in use after: 187.6 MB.

Unloading 22 unused Assets to reduce memory usage. Loaded Objects now: 2737.
Total: 1.843916 ms (FindLiveObjects: 0.124958 ms CreateObjectMapping: 0.040583 ms MarkObjects: 1.587875 ms  DeleteObjects: 0.089791 ms)

========================================================================
Received Import Request.
  Time since last request: 267.051934 seconds.
  path: Assets/Scripts/Player.cs
  artifactKey: Guid(57fd01c84e9974eb5909333a74010184) Importer(815301076,1909f56bfc062723c751e8b465ee728b)
Start importing Assets/Scripts/Player.cs using Guid(57fd01c84e9974eb5909333a74010184) Importer(815301076,1909f56bfc062723c751e8b465ee728b)  -> (artifact id: 'faa84534b9adbf81f61e17d5756416f3') in 0.006721 seconds
  Import took 0.009627 seconds .

========================================================================
Received Prepare
Registering precompiled user dll's ...
Registered in 0.002211 seconds.
Begin MonoManager ReloadAssembly
Native extension for OSXStandalone target not found
Native extension for WebGL target not found
Refreshing native plugins compatible for Editor in 0.48 ms, found 3 plugins.
Preloading 0 native plugins for Editor in 0.00 ms.
Mono: successfully reloaded assembly
- Completed reload, in  2.243 seconds
Platform modules already initialized, skipping
Refreshing native plugins compatible for Editor in 0.35 ms, found 3 plugins.
Preloading 0 native plugins for Editor in 0.00 ms.
Unloading 2232 Unused Serialized files (Serialized files now loaded: 0)
System memory in use before: 187.6 MB.
System memory in use after: 187.7 MB.

Unloading 22 unused Assets to reduce memory usage. Loaded Objects now: 2741.
Total: 1.854333 ms (FindLiveObjects: 0.109667 ms CreateObjectMapping: 0.042125 ms MarkObjects: 1.610333 ms  DeleteObjects: 0.091458 ms)

========================================================================
Received Prepare
Registering precompiled user dll's ...
Registered in 0.003701 seconds.
Begin MonoManager ReloadAssembly
Native extension for OSXStandalone target not found
Native extension for WebGL target not found
Refreshing native plugins compatible for Editor in 0.49 ms, found 3 plugins.
Preloading 0 native plugins for Editor in 0.00 ms.
Mono: successfully reloaded assembly
- Completed reload, in  2.411 seconds
Platform modules already initialized, skipping
Refreshing native plugins compatible for Editor in 0.36 ms, found 3 plugins.
Preloading 0 native plugins for Editor in 0.00 ms.
Unloading 2232 Unused Serialized files (Serialized files now loaded: 0)
System memory in use before: 188.0 MB.
System memory in use after: 188.1 MB.

Unloading 22 unused Assets to reduce memory usage. Loaded Objects now: 2745.
Total: 1.885833 ms (FindLiveObjects: 0.156500 ms CreateObjectMapping: 0.043417 ms MarkObjects: 1.585291 ms  DeleteObjects: 0.099791 ms)

========================================================================
Received Prepare
Registering precompiled user dll's ...
Registered in 0.003413 seconds.
Begin MonoManager ReloadAssembly
Native extension for OSXStandalone target not found
Native extension for WebGL target not found
Refreshing native plugins compatible for Editor in 0.46 ms, found 3 plugins.
Preloading 0 native plugins for Editor in 0.00 ms.
Mono: successfully reloaded assembly
- Completed reload, in  2.321 seconds
Platform modules already initialized, skipping
Refreshing native plugins compatible for Editor in 0.40 ms, found 3 plugins.
Preloading 0 native plugins for Editor in 0.00 ms.
Unloading 2232 Unused Serialized files (Serialized files now loaded: 0)
System memory in use before: 188.2 MB.
System memory in use after: 188.3 MB.

Unloading 22 unused Assets to reduce memory usage. Loaded Objects now: 2749.
Total: 1.958458 ms (FindLiveObjects: 0.137250 ms CreateObjectMapping: 0.044791 ms MarkObjects: 1.678708 ms  DeleteObjects: 0.096875 ms)

========================================================================
Received Prepare
Registering precompiled user dll's ...
Registered in 0.004374 seconds.
Begin MonoManager ReloadAssembly
Native extension for OSXStandalone target not found
Native extension for WebGL target not found
Refreshing native plugins compatible for Editor in 0.41 ms, found 3 plugins.
Preloading 0 native plugins for Editor in 0.00 ms.
Mono: successfully reloaded assembly
- Completed reload, in  2.253 seconds
Platform modules already initialized, skipping
Refreshing native plugins compatible for Editor in 0.36 ms, found 3 plugins.
Preloading 0 native plugins for Editor in 0.00 ms.
Unloading 2232 Unused Serialized files (Serialized files now loaded: 0)
System memory in use before: 188.4 MB.
System memory in use after: 188.5 MB.

Unloading 22 unused Assets to reduce memory usage. Loaded Objects now: 2753.
Total: 1.845042 ms (FindLiveObjects: 0.136500 ms CreateObjectMapping: 0.043375 ms MarkObjects: 1.576417 ms  DeleteObjects: 0.088083 ms)

